0 info it worked if it ends with ok
1 verbose cli [ 'C:\\Program Files\\nodejs\\node.exe',
1 verbose cli   'C:\\Users\\ADIT\\AppData\\Roaming\\npm\\node_modules\\npm\\bin\\npm-cli.js',
1 verbose cli   'start' ]
2 info using npm@3.10.8
3 info using node@v4.6.1
4 verbose run-script [ 'prestart', 'start', 'poststart' ]
5 info lifecycle Emailer@0.0.0~prestart: Emailer@0.0.0
6 silly lifecycle Emailer@0.0.0~prestart: no script for prestart, continuing
7 info lifecycle Emailer@0.0.0~start: Emailer@0.0.0
8 verbose lifecycle Emailer@0.0.0~start: unsafe-perm in lifecycle true
9 verbose lifecycle Emailer@0.0.0~start: PATH: C:\Users\ADIT\AppData\Roaming\npm\node_modules\npm\bin\node-gyp-bin;I:\Emailer\node_modules\.bin;C:\ProgramData\Oracle\Java\javapath;C:\Program Files\ImageMagick-6.9.0-Q16;C:\Windows\system32;C:\Windows;C:\Windows\System32\Wbem;C:\Windows\System32\WindowsPowerShell\v1.0\;C:\Program Files\Hewlett-Packard\SimplePass\;C:\Program Files (x86)\ATI Technologies\ATI.ACE\Core-Static;C:\Program Files (x86)\Windows Kits\8.1\Windows Performance Toolkit\;C:\Program Files\Microsoft SQL Server\110\Tools\Binn\;C:\Program Files (x86)\MySQL\MySQL Fabric 1.5.2 & MySQL Utilities 1.5.2 1.5\;C:\Program Files (x86)\MySQL\MySQL Fabric 1.5.2 & MySQL Utilities 1.5.2 1.5\Doctrine extensions for PHP\;C:\Program Files (x86)\GitExtensions\;C:\Program Files (x86)\CMake\bin;C:\Program Files (x86)\GtkSharp\2.12\bin;C:\Program Files\Microsoft\Web Platform Installer\;C:\Program Files (x86)\Microsoft ASP.NET\ASP.NET Web Pages\v1.0\;C:\Imagination\PowerVR_Graphics\PowerVR_Tools\PVRVFrame\Library\Windows_x86_32;C:\Program Files\Common Files\Autodesk Shared\;C:\Program Files (x86)\Autodesk\Backburner\;C:\Windows\Microsoft.NET\Framework\v4.0.30319\;C:\Program Files (x86)\AMD\ATI.ACE\Core-Static;C:\Program Files (x86)\Windows Live\Shared;C:\Program Files (x86)\Skype\Phone\;C:\Program Files\nodejs\;C:\cocos2d-js-v3.2\tools\cocos2d-console\bin;c:\users\adit\appdata\local\enthought\canopy\user\scripts;C:\Users\ADIT\AppData\Local\Enthought\Canopy\User;C:\Users\ADIT\AppData\Local\Enthought\Canopy\User\Scripts;C:\Users\ADIT\AppData\Roaming\npm
10 verbose lifecycle Emailer@0.0.0~start: CWD: I:\Emailer
11 silly lifecycle Emailer@0.0.0~start: Args: [ '/d /s /c', 'node ./bin/www' ]
12 silly lifecycle Emailer@0.0.0~start: Returned: code: 3221225786  signal: null
13 info lifecycle Emailer@0.0.0~start: Failed to exec start script
14 verbose stack Error: Emailer@0.0.0 start: `node ./bin/www`
14 verbose stack Exit status 3221225786
14 verbose stack     at EventEmitter.<anonymous> (C:\Users\ADIT\AppData\Roaming\npm\node_modules\npm\lib\utils\lifecycle.js:255:16)
14 verbose stack     at emitTwo (events.js:87:13)
14 verbose stack     at EventEmitter.emit (events.js:172:7)
14 verbose stack     at ChildProcess.<anonymous> (C:\Users\ADIT\AppData\Roaming\npm\node_modules\npm\lib\utils\spawn.js:40:14)
14 verbose stack     at emitTwo (events.js:87:13)
14 verbose stack     at ChildProcess.emit (events.js:172:7)
14 verbose stack     at maybeClose (internal/child_process.js:829:16)
14 verbose stack     at Process.ChildProcess._handle.onexit (internal/child_process.js:211:5)
15 verbose pkgid Emailer@0.0.0
16 verbose cwd I:\Emailer\routes
17 error Windows_NT 6.3.9600
18 error argv "C:\\Program Files\\nodejs\\node.exe" "C:\\Users\\ADIT\\AppData\\Roaming\\npm\\node_modules\\npm\\bin\\npm-cli.js" "start"
19 error node v4.6.1
20 error npm  v3.10.8
21 error code ELIFECYCLE
22 error Emailer@0.0.0 start: `node ./bin/www`
22 error Exit status 3221225786
23 error Failed at the Emailer@0.0.0 start script 'node ./bin/www'.
23 error Make sure you have the latest version of node.js and npm installed.
23 error If you do, this is most likely a problem with the Emailer package,
23 error not with npm itself.
23 error Tell the author that this fails on your system:
23 error     node ./bin/www
23 error You can get information on how to open an issue for this project with:
23 error     npm bugs Emailer
23 error Or if that isn't available, you can get their info via:
23 error     npm owner ls Emailer
23 error There is likely additional logging output above.
24 verbose exit [ 1, true ]
